c:\users\clement.expert\source\repos\simplegameengine\simplegameengine\x64\debug\vc143.pdb
c:\users\clement.expert\source\repos\simplegameengine\simplegameengine\x64\debug\vc143.idb
c:\users\clement.expert\source\repos\simplegameengine\simplegameengine\x64\debug\window.obj
c:\users\clement.expert\source\repos\simplegameengine\simplegameengine\x64\debug\vector2.obj
c:\users\clement.expert\source\repos\simplegameengine\simplegameengine\x64\debug\timer.obj
c:\users\clement.expert\source\repos\simplegameengine\simplegameengine\x64\debug\texture.obj
c:\users\clement.expert\source\repos\simplegameengine\simplegameengine\x64\debug\spritecomponent.obj
c:\users\clement.expert\source\repos\simplegameengine\simplegameengine\x64\debug\rectangle.obj
c:\users\clement.expert\source\repos\simplegameengine\simplegameengine\x64\debug\random.obj
c:\users\clement.expert\source\repos\simplegameengine\simplegameengine\x64\debug\movecomponent.obj
c:\users\clement.expert\source\repos\simplegameengine\simplegameengine\x64\debug\main.obj
c:\users\clement.expert\source\repos\simplegameengine\simplegameengine\x64\debug\log.obj
c:\users\clement.expert\source\repos\simplegameengine\simplegameengine\x64\debug\inputcomponent.obj
c:\users\clement.expert\source\repos\simplegameengine\simplegameengine\x64\debug\game.obj
c:\users\clement.expert\source\repos\simplegameengine\simplegameengine\x64\debug\component.obj
c:\users\clement.expert\source\repos\simplegameengine\simplegameengine\x64\debug\circlecollisioncomponent.obj
c:\users\clement.expert\source\repos\simplegameengine\simplegameengine\x64\debug\boxcomponent.obj
c:\users\clement.expert\source\repos\simplegameengine\simplegameengine\x64\debug\backgroundspritecomponent.obj
c:\users\clement.expert\source\repos\simplegameengine\simplegameengine\x64\debug\assets.obj
c:\users\clement.expert\source\repos\simplegameengine\simplegameengine\x64\debug\animspritecomponent.obj
c:\users\clement.expert\source\repos\simplegameengine\simplegameengine\x64\debug\actor.obj
c:\users\clement.expert\source\repos\simplegameengine\simplegameengine\x64\debug\simplegameengine.tlog\cl.command.1.tlog
c:\users\clement.expert\source\repos\simplegameengine\simplegameengine\x64\debug\simplegameengine.tlog\cl.read.1.tlog
c:\users\clement.expert\source\repos\simplegameengine\simplegameengine\x64\debug\simplegameengine.tlog\cl.write.1.tlog
